<?xml version="1.0" encoding="UTF-8"?>
<testng-results ignored="0" total="1" passed="1" failed="0" skipped="0">
  <reporter-output>
  </reporter-output>
  <suite started-at="2025-11-25T16:30:57 IST" name="Default suite" finished-at="2025-11-25T16:30:57 IST" duration-ms="59">
    <groups>
    </groups>
    <test started-at="2025-11-25T16:30:57 IST" name="Default test" finished-at="2025-11-25T16:30:57 IST" duration-ms="59">
      <class name="practice.Demo">
        <test-method signature="m1()[pri:0, instance:practice.Demo@79e2c065]" started-at="2025-11-25T16:30:57 IST" name="m1" finished-at="2025-11-25T16:30:57 IST" duration-ms="12" status="PASS">
          <reporter-output>
          </reporter-output>
        </test-method> <!-- m1 -->
      </class> <!-- practice.Demo -->
    </test> <!-- Default test -->
  </suite> <!-- Default suite -->
</testng-results>
